<?xml version="1.0" encoding="UTF-8"?>
<!-- Generated by org.testng.reporters.JUnitXMLReporter -->
<testsuite ignored="0" hostname="LAPTOP-M7OU9LVQ" failures="0" tests="3" name="Test" time="44.226" errors="0" timestamp="2026-01-28T04:04:21 IST">
  <testcase classname="tests.BasicTest" name="basicControlTest" time="12.45"/>
  <testcase classname="tests.AlertTest" name="alertPracticeTest" time="12.225"/>
  <testcase classname="tests.DropdownTest" name="dropDownTest" time="9.767"/>
</testsuite> <!-- Test -->
