<?xml version="1.0" encoding="UTF-8"?>
<testng-results ignored="0" total="2" passed="2" failed="0" skipped="0">
  <reporter-output>
  </reporter-output>
  <suite started-at="2026-01-17T23:07:53 IST" name="Suite" finished-at="2026-01-17T23:08:10 IST" duration-ms="16777">
    <groups>
    </groups>
    <test started-at="2026-01-17T23:07:53 IST" name="Test" finished-at="2026-01-17T23:08:10 IST" duration-ms="16777">
      <class name="tests.BasicTest">
        <test-method is-config="true" signature="setUp()[pri:0, instance:tests.BasicTest@7c7a06ec]" started-at="2026-01-17T23:07:53 IST" name="setUp" finished-at="2026-01-17T23:07:57 IST" duration-ms="3744" status="PASS">
          <reporter-output>
          </reporter-output>
        </test-method> <!-- setUp -->
        <test-method signature="basicControlTest()[pri:0, instance:tests.BasicTest@7c7a06ec]" started-at="2026-01-17T23:07:57 IST" name="basicControlTest" finished-at="2026-01-17T23:08:02 IST" duration-ms="5740" status="PASS">
          <reporter-output>
          </reporter-output>
        </test-method> <!-- basicControlTest -->
        <test-method is-config="true" signature="tearDown()[pri:0, instance:tests.BasicTest@7c7a06ec]" started-at="2026-01-17T23:08:03 IST" name="tearDown" finished-at="2026-01-17T23:08:03 IST" duration-ms="391" status="PASS">
          <reporter-output>
          </reporter-output>
        </test-method> <!-- tearDown -->
      </class> <!-- tests.BasicTest -->
      <class name="tests.AlertTest">
        <test-method is-config="true" signature="setUp()[pri:0, instance:tests.AlertTest@489115ef]" started-at="2026-01-17T23:08:03 IST" name="setUp" finished-at="2026-01-17T23:08:04 IST" duration-ms="838" status="PASS">
          <reporter-output>
          </reporter-output>
        </test-method> <!-- setUp -->
        <test-method signature="alertPracticeTest()[pri:0, instance:tests.AlertTest@489115ef]" started-at="2026-01-17T23:08:04 IST" name="alertPracticeTest" finished-at="2026-01-17T23:08:09 IST" duration-ms="5302" status="PASS">
          <reporter-output>
          </reporter-output>
        </test-method> <!-- alertPracticeTest -->
        <test-method is-config="true" signature="tearDown()[pri:0, instance:tests.AlertTest@489115ef]" started-at="2026-01-17T23:08:09 IST" name="tearDown" finished-at="2026-01-17T23:08:10 IST" duration-ms="695" status="PASS">
          <reporter-output>
          </reporter-output>
        </test-method> <!-- tearDown -->
      </class> <!-- tests.AlertTest -->
    </test> <!-- Test -->
  </suite> <!-- Suite -->
</testng-results>
