<?xml version="1.0" encoding="UTF-8"?>
<testng-results ignored="0" total="1" passed="1" failed="0" skipped="0">
  <reporter-output>
  </reporter-output>
  <suite started-at="2026-01-10T20:51:25 IST" name="Suite" finished-at="2026-01-10T20:51:43 IST" duration-ms="17846">
    <groups>
    </groups>
    <test started-at="2026-01-10T20:51:25 IST" name="Test" finished-at="2026-01-10T20:51:43 IST" duration-ms="17846">
      <class name="tests.BasicTest">
        <test-method is-config="true" signature="setUp()[pri:0, instance:tests.BasicTest@776aec5c]" started-at="2026-01-10T20:51:25 IST" name="setUp" finished-at="2026-01-10T20:51:41 IST" duration-ms="16362" status="PASS">
          <reporter-output>
          </reporter-output>
        </test-method> <!-- setUp -->
        <test-method signature="basicControlTest()[pri:0, instance:tests.BasicTest@776aec5c]" started-at="2026-01-10T20:51:41 IST" name="basicControlTest" finished-at="2026-01-10T20:51:42 IST" duration-ms="875" status="PASS">
          <reporter-output>
          </reporter-output>
        </test-method> <!-- basicControlTest -->
        <test-method is-config="true" signature="tearDown()[pri:0, instance:tests.BasicTest@776aec5c]" started-at="2026-01-10T20:51:42 IST" name="tearDown" finished-at="2026-01-10T20:51:43 IST" duration-ms="561" status="PASS">
          <reporter-output>
          </reporter-output>
        </test-method> <!-- tearDown -->
      </class> <!-- tests.BasicTest -->
    </test> <!-- Test -->
  </suite> <!-- Suite -->
</testng-results>
